[debug] [2022-07-26T14:21:51.069Z] ----------------------------------------------------------------------
[debug] [2022-07-26T14:21:51.071Z] Command:       C:\Program Files\nodejs\node.exe C:\Users\Oscar Martin\AppData\Roaming\npm\node_modules\firebase-tools\lib\bin\firebase.js init
[debug] [2022-07-26T14:21:51.072Z] CLI Version:   11.3.0
[debug] [2022-07-26T14:21:51.072Z] Platform:      win32
[debug] [2022-07-26T14:21:51.072Z] Node Version:  v16.15.1
[debug] [2022-07-26T14:21:51.073Z] Time:          Tue Jul 26 2022 09:21:51 GMT-0500 (hora estándar de Colombia)
[debug] [2022-07-26T14:21:51.073Z] ----------------------------------------------------------------------
[debug] 
[debug] [2022-07-26T14:21:51.126Z] > command requires scopes: ["email","openid","https://www.googleapis.com/auth/cloudplatformprojects.readonly","https://www.googleapis.com/auth/firebase","https://www.googleapis.com/auth/cloud-platform"]
[debug] [2022-07-26T14:21:51.126Z] > authorizing via signed-in user (oskartmartin@gmail.com)
[info] 
     ######## #### ########  ######## ########     ###     ######  ########
     ##        ##  ##     ## ##       ##     ##  ##   ##  ##       ##
     ######    ##  ########  ######   ########  #########  ######  ######
     ##        ##  ##    ##  ##       ##     ## ##     ##       ## ##
     ##       #### ##     ## ######## ########  ##     ##  ######  ########

You're about to initialize a Firebase project in this directory:

  C:\Users\Oscar Martin\Documents\Angular\Reto3\Reto3\FrontReto3\FrontReto3

Before we get started, keep in mind:

  * You are initializing within an existing Firebase project directory

[info] 
=== Project Setup
[info] 
[info] First, let's associate this project directory with a Firebase project.
[info] You can create multiple project aliases by running firebase use --add, 
[info] but for now we'll just set up a default project.
[info] 
[debug] [2022-07-26T14:22:01.491Z] Using project from CLI flag: wildcardgame-a1235
[debug] [2022-07-26T14:22:01.492Z] > refreshing access token with scopes: []
[debug] [2022-07-26T14:22:01.495Z] >>> [apiv2][query] POST https://www.googleapis.com/oauth2/v3/token [none]
[debug] [2022-07-26T14:22:01.495Z] >>> [apiv2][body] POST https://www.googleapis.com/oauth2/v3/token [omitted]
[debug] [2022-07-26T14:22:01.772Z] <<< [apiv2][status] POST https://www.googleapis.com/oauth2/v3/token 200
[debug] [2022-07-26T14:22:01.772Z] <<< [apiv2][body] POST https://www.googleapis.com/oauth2/v3/token [omitted]
[debug] [2022-07-26T14:22:01.782Z] >>> [apiv2][query] GET https://firebase.googleapis.com/v1beta1/projects/wildcardgame-a1235 [none]
[debug] [2022-07-26T14:22:02.215Z] <<< [apiv2][status] GET https://firebase.googleapis.com/v1beta1/projects/wildcardgame-a1235 200
[debug] [2022-07-26T14:22:02.215Z] <<< [apiv2][body] GET https://firebase.googleapis.com/v1beta1/projects/wildcardgame-a1235 {"projectId":"wildcardgame-a1235","projectNumber":"1066707049353","displayName":"WildCardGame","name":"projects/wildcardgame-a1235","resources":{"hostingSite":"wildcardgame-a1235"},"state":"ACTIVE","etag":"1_9520acea-1fd8-4603-b74d-0e2c7a003f25"}
[info] i  Using project wildcardgame-a1235 (WildCardGame) 
[info] 
=== Hosting Setup
[info] 
[info] Your public directory is the folder (relative to your project directory) that
[info] will contain Hosting assets to be uploaded with firebase deploy. If you
[info] have a build process for your assets, use your build's output directory.
[info] 
